<?xml version="1.0" encoding="UTF-8"?>
<testsuite xmlns:xsi="http://www.w3.org/2001/XMLSchema-instance" xsi:noNamespaceSchemaLocation="https://maven.apache.org/surefire/maven-surefire-plugin/xsd/surefire-test-report.xsd" version="3.0.2" name="AverageOfPositiveNumbersTest" time="0.077" tests="4" errors="0" skipped="0" failures="0">
  <properties>
[...]
</properties>
  <testcase name="test1" classname="AverageOfPositiveNumbersTest" time="0.017"/>
  <testcase name="test2" classname="AverageOfPositiveNumbersTest" time="0.0"/>
  <testcase name="test3" classname="AverageOfPositiveNumbersTest" time="0.0"/>
  <testcase name="test4" classname="AverageOfPositiveNumbersTest" time="0.001"/>
</testsuite>